<?xml version="1.0" encoding="UTF-8"?>
<!-- Generated by org.testng.reporters.JUnitXMLReporter -->
<testsuite ignored="0" hostname="LAPTOP-LTCLR313" failures="0" tests="3" name="Default test" time="3.013" errors="0" timestamp="2025-10-11T19:16:07 IST">
  <testcase classname="ConnectDataProvederAndExcel.NewDataProvider" name="testCaseData" time="0.037"/>
  <testcase classname="ConnectDataProvederAndExcel.NewDataProvider" name="testCaseData" time="0.009"/>
  <testcase classname="ConnectDataProvederAndExcel.NewDataProvider" name="testCaseData" time="0.004"/>
</testsuite> <!-- Default test -->
