<?xml version="1.0" encoding="UTF-8"?>
<testng-results ignored="0" total="3" passed="3" failed="0" skipped="0">
  <reporter-output>
  </reporter-output>
  <suite started-at="2025-10-11T19:16:04 IST" name="Default suite" finished-at="2025-10-11T19:16:07 IST" duration-ms="3013">
    <groups>
    </groups>
    <test started-at="2025-10-11T19:16:04 IST" name="Default test" finished-at="2025-10-11T19:16:07 IST" duration-ms="3013">
      <class name="ConnectDataProvederAndExcel.NewDataProvider">
        <test-method signature="testCaseData(java.lang.String,java.lang.String,java.lang.String)[pri:0, instance:ConnectDataProvederAndExcel.NewDataProvider@2b4bac49]" started-at="2025-10-11T19:16:07 IST" name="testCaseData" data-provider="driveTest" finished-at="2025-10-11T19:16:07 IST" duration-ms="37" status="PASS">
          <params>
            <param index="0">
              <value>
                <![CDATA[Amma]]>
              </value>
            </param>
            <param index="1">
              <value>
                <![CDATA[HouseWife]]>
              </value>
            </param>
            <param index="2">
              <value>
                <![CDATA[44]]>
              </value>
            </param>
          </params>
          <reporter-output>
          </reporter-output>
        </test-method> <!-- testCaseData -->
        <test-method signature="testCaseData(java.lang.String,java.lang.String,java.lang.String)[pri:0, instance:ConnectDataProvederAndExcel.NewDataProvider@2b4bac49]" started-at="2025-10-11T19:16:07 IST" name="testCaseData" data-provider="driveTest" finished-at="2025-10-11T19:16:07 IST" duration-ms="9" status="PASS">
          <params>
            <param index="0">
              <value>
                <![CDATA[Nanna]]>
              </value>
            </param>
            <param index="1">
              <value>
                <![CDATA[Owner]]>
              </value>
            </param>
            <param index="2">
              <value>
                <![CDATA[48]]>
              </value>
            </param>
          </params>
          <reporter-output>
          </reporter-output>
        </test-method> <!-- testCaseData -->
        <test-method signature="testCaseData(java.lang.String,java.lang.String,java.lang.String)[pri:0, instance:ConnectDataProvederAndExcel.NewDataProvider@2b4bac49]" started-at="2025-10-11T19:16:07 IST" name="testCaseData" data-provider="driveTest" finished-at="2025-10-11T19:16:07 IST" duration-ms="4" status="PASS">
          <params>
            <param index="0">
              <value>
                <![CDATA[Chelli]]>
              </value>
            </param>
            <param index="1">
              <value>
                <![CDATA[Accountant]]>
              </value>
            </param>
            <param index="2">
              <value>
                <![CDATA[22]]>
              </value>
            </param>
          </params>
          <reporter-output>
          </reporter-output>
        </test-method> <!-- testCaseData -->
      </class> <!-- ConnectDataProvederAndExcel.NewDataProvider -->
    </test> <!-- Default test -->
  </suite> <!-- Default suite -->
</testng-results>
