<?xml version="1.0" encoding="UTF-8"?>
<!-- Generated by org.testng.reporters.JUnitReportReporter -->
<testsuite hostname="LAPTOP-LTCLR313" failures="0" tests="3" name="ConnectDataProvederAndExcel.NewDataProvider" time="0.050" errors="0" timestamp="2025-10-11T19:16:08 IST" skipped="0">
  <testcase classname="ConnectDataProvederAndExcel.NewDataProvider" name="testCaseData" time="0.037"/>
  <testcase classname="ConnectDataProvederAndExcel.NewDataProvider" name="testCaseData" time="0.009"/>
  <testcase classname="ConnectDataProvederAndExcel.NewDataProvider" name="testCaseData" time="0.004"/>
</testsuite> <!-- ConnectDataProvederAndExcel.NewDataProvider -->
